<?xml version = "1.0"?>
<config id="hikariConfig">
    <property name="poolName" value="mercatus_connection_pool"/>
    <property name="dataSourceClassName" value="com.mysql.jdbc.jdbc2.optional.MysqlDataSource"/>
    <property name="maximumPoolSize" value="50"/>
    <property name="maxLifetime" value="60000"/>
    <property name="idleTimeout" value="30000"/>
    <property name="dataSourceProperties" attribute="yes">
        <prop key="url">${jdbc.url}</prop>
        <prop key="user">${jdbc.username}</prop>
        <prop key="password">${jdbc.password}</prop>
        <prop key="prepStmtCacheSize">250</prop>
        <prop key="prepStmtCacheSqlLimit">2048</prop>
        <prop key="cachePrepStmts">true</prop>
        <prop key="useServerPrepStmts">true</prop>
    </property>
</config>