<!DOCTYPE properties SYSTEM "http://java.sun.com/dtd/properties.dtd">
<properties>
    <comment>This is a comment</comment>
    <entry key="propA">A</entry>
    <entry key="propB">B</entry>
    <entry key="propC">C</entry>
    <entry key="propD">D</entry>
    <entry key="propE">E</entry>
    <entry key="propF">F</entry>
</properties>