<!--
  ~ MIT License
  ~
  ~ Copyright (c) 2020 Đình Tài
  ~
  ~ Permission is hereby granted, free of charge, to any person obtaining a copy
  ~ of this software and associated documentation files (the "Software"), to deal
  ~ in the Software without restriction, including without limitation the rights
  ~ to use, copy, modify, merge, publish, distribute, sublicense, and/or sell
  ~ copies of the Software, and to permit persons to whom the Software is
  ~ furnished to do so, subject to the following conditions:
  ~
  ~ The above copyright notice and this permission notice shall be included in all
  ~ copies or substantial portions of the Software.
  ~
  ~ THE SOFTWARE IS PROVIDED "AS IS", WITHOUT WARRANTY OF ANY KIND, EXPRESS OR
  ~ IMPLIED, INCLUDING BUT NOT LIMITED TO THE WARRANTIES OF MERCHANTABILITY,
  ~ FITNESS FOR A PARTICULAR PURPOSE AND NONINFRINGEMENT. IN NO EVENT SHALL THE
  ~ AUTHORS OR COPYRIGHT HOLDERS BE LIABLE FOR ANY CLAIM, DAMAGES OR OTHER
  ~ LIABILITY, WHETHER IN AN ACTION OF CONTRACT, TORT OR OTHERWISE, ARISING FROM,
  ~ OUT OF OR IN CONNECTION WITH THE SOFTWARE OR THE USE OR OTHER DEALINGS IN THE
  ~ SOFTWARE.
  -->

<bean id="hikariConfig" class="com.zaxxer.hikari.HikariConfig">
    <property name="poolName" value="mercatus_connection_pool" />
    <property name="dataSourceClassName" value="com.mysql.jdbc.jdbc2.optional.MysqlDataSource"/>
    <property name="maximumPoolSize" value="50" />
    <property name="maxLifetime" value="60000" />
    <property name="idleTimeout" value="30000" />
    <property name="dataSourceProperties">
        <props>
            <prop key="url">${jdbc.url}</prop>
            <prop key="user">${jdbc.username}</prop>
            <prop key="password">${jdbc.password}</prop>
            <prop key="prepStmtCacheSize">250</prop>
            <prop key="prepStmtCacheSqlLimit">2048</prop>
            <prop key="cachePrepStmts">true</prop>
            <prop key="useServerPrepStmts">true</prop>
        </props>
    </property>
</bean>
<bean id="dataSource" class="com.zaxxer.hikari.HikariDataSource" destroy-method="close">
<constructor-arg ref="hikariConfig" />
</bean>