<?xml version = "1.0"?>
<config id="hikariConfig">
    <property name="datasource.url" value=""/>
    <property name="datasource.username" value=""/>
    <property name="datasource.password" value=""/>
    <property name="datasource.hikari.maximumPoolSize" value=""/>
    <property name="datasource.hikari.dataSourceProperties" properties="yes">
        <prop key="datasource.hikari.data-source-properties.cachePrepStmts"></prop>
        <prop key="datasource.hikari.data-source-properties.prepStmtCacheSize"></prop>
        <prop key="datasource.hikari.data-source-properties.prepStmtCacheSqlLimit"></prop>
        <prop key="datasource.hikari.data-source-properties.useServerPrepStmts"></prop>
        <prop key="datasource.hikari.data-source-properties.useLocalSessionState"></prop>
        <prop key="datasource.hikari.data-source-properties.rewriteBatchedStatements"></prop>
        <prop key="datasource.hikari.data-source-properties.cacheResultSetMetadata"></prop>
        <prop key="datasource.hikari.data-source-properties.cacheServerConfiguration"></prop>
        <prop key="datasource.hikari.data-source-properties.elideSetAutoCommits"></prop>
        <prop key="datasource.hikari.data-source-properties.maintainTimeStats"></prop>
    </property>
</config>